<?xml version="1.0" encoding="UTF-8"?>
<testsuite xmlns:xsi="http://www.w3.org/2001/XMLSchema-instance" xsi:noNamespaceSchemaLocation="https://maven.apache.org/surefire/maven-surefire-plugin/xsd/surefire-test-report-3.0.xsd" version="3.0" name="TestSuite" time="6.454" tests="4" errors="0" skipped="0" failures="3">
  <properties>
[...]
</properties>
  <testcase name="testCheckoutProcess" classname="demo.tests.DemoTest" time="1.742">
    <system-err><![CDATA[SLF4J: Class path contains multiple SLF4J bindings.
SLF4J: Found binding in [jar:file:/C:/Users/diana/.m2/repository/org/apache/logging/log4j/log4j-slf4j-impl/2.20.0/log4j-slf4j-impl-2.20.0.jar!/org/slf4j/impl/StaticLoggerBinder.class]
SLF4J: Found binding in [jar:file:/C:/Users/diana/.m2/repository/org/slf4j/slf4j-jdk14/1.5.3/slf4j-jdk14-1.5.3.jar!/org/slf4j/impl/StaticLoggerBinder.class]
SLF4J: See http://www.slf4j.org/codes.html#multiple_bindings for an explanation.
SLF4J: Actual binding is of type [org.apache.logging.slf4j.Log4jLoggerFactory]
mar 15, 2025 11:06:13 A. M. org.openqa.selenium.remote.service.DriverService$Builder getLogOutput
INFORMACIÓN: Driver logs no longer sent to console by default; https://www.selenium.dev/documentation/webdriver/drivers/service/#setting-log-output
mar 15, 2025 11:06:15 A. M. org.openqa.selenium.devtools.CdpVersionFinder findNearestMatch
ADVERTENCIA: Unable to find CDP implementation matching 134
mar 15, 2025 11:06:15 A. M. org.openqa.selenium.chromium.ChromiumDriver lambda$new$4
ADVERTENCIA: Unable to find version of CDP to use for . You may need to include a dependency on a specific version of the CDP using something similar to `org.seleniumhq.selenium:selenium-devtools-v86:4.10.0` where the version ("v86") matches the version of the chromium-based browser you're using and the version number of the artifact is the same as Selenium's.
]]></system-err>
  </testcase>
  <testcase name="testProductNavigation" classname="demo.tests.DemoTest" time="0.037">
    <failure message="no such element: Unable to locate element: {&quot;method&quot;:&quot;css selector&quot;,&quot;selector&quot;:&quot;#user\-name&quot;}&#10;  (Session info: chrome=134.0.6998.89)&#10;For documentation on this error, please visit: https://www.selenium.dev/documentation/webdriver/troubleshooting/errors#no-such-element-exception&#10;Build info: version: &apos;4.10.0&apos;, revision: &apos;c14d967899&apos;&#10;System info: os.name: &apos;Windows 11&apos;, os.arch: &apos;amd64&apos;, os.version: &apos;10.0&apos;, java.version: &apos;23.0.2&apos;&#10;Driver info: org.openqa.selenium.chrome.ChromeDriver&#10;Command: [163247de34e7f49c2299c61158aede5e, findElement {using=id, value=user-name}]&#10;Capabilities {acceptInsecureCerts: false, browserName: chrome, browserVersion: 134.0.6998.89, chrome: {chromedriverVersion: 134.0.6998.0 (42fa06ad95ae2..., userDataDir: C:\Users\diana\AppData\Loca...}, fedcm:accounts: true, goog:chromeOptions: {debuggerAddress: localhost:50281}, networkConnectionEnabled: false, pageLoadStrategy: normal, platformName: windows, proxy: Proxy(), se:cdp: ws://localhost:50281/devtoo..., se:cdpVersion: 134.0.6998.89, setWindowRect: true, strictFileInteractability: false, timeouts: {implicit: 0, pageLoad: 300000, script: 30000}, unhandledPromptBehavior: dismiss and notify, webauthn:extension:credBlob: true, webauthn:extension:largeBlob: true, webauthn:extension:minPinLength: true, webauthn:extension:prf: true, webauthn:virtualAuthenticators: true}&#10;Session ID: 163247de34e7f49c2299c61158aede5e" type="org.openqa.selenium.NoSuchElementException"><![CDATA[org.openqa.selenium.NoSuchElementException: 
no such element: Unable to locate element: {"method":"css selector","selector":"#user\-name"}
  (Session info: chrome=134.0.6998.89)
For documentation on this error, please visit: https://www.selenium.dev/documentation/webdriver/troubleshooting/errors#no-such-element-exception
Build info: version: '4.10.0', revision: 'c14d967899'
System info: os.name: 'Windows 11', os.arch: 'amd64', os.version: '10.0', java.version: '23.0.2'
Driver info: org.openqa.selenium.chrome.ChromeDriver
Command: [163247de34e7f49c2299c61158aede5e, findElement {using=id, value=user-name}]
Capabilities {acceptInsecureCerts: false, browserName: chrome, browserVersion: 134.0.6998.89, chrome: {chromedriverVersion: 134.0.6998.0 (42fa06ad95ae2..., userDataDir: C:\Users\diana\AppData\Loca...}, fedcm:accounts: true, goog:chromeOptions: {debuggerAddress: localhost:50281}, networkConnectionEnabled: false, pageLoadStrategy: normal, platformName: windows, proxy: Proxy(), se:cdp: ws://localhost:50281/devtoo..., se:cdpVersion: 134.0.6998.89, setWindowRect: true, strictFileInteractability: false, timeouts: {implicit: 0, pageLoad: 300000, script: 30000}, unhandledPromptBehavior: dismiss and notify, webauthn:extension:credBlob: true, webauthn:extension:largeBlob: true, webauthn:extension:minPinLength: true, webauthn:extension:prf: true, webauthn:virtualAuthenticators: true}
Session ID: 163247de34e7f49c2299c61158aede5e
	at demo.tests.DemoTest.testSuccessfulLogin(DemoTest.java:15)
	at demo.tests.DemoTest.testProductNavigation(DemoTest.java:30)
]]></failure>
  </testcase>
  <testcase name="testSuccessfulLogin" classname="demo.tests.DemoTest" time="0.016">
    <failure message="no such element: Unable to locate element: {&quot;method&quot;:&quot;css selector&quot;,&quot;selector&quot;:&quot;#user\-name&quot;}&#10;  (Session info: chrome=134.0.6998.89)&#10;For documentation on this error, please visit: https://www.selenium.dev/documentation/webdriver/troubleshooting/errors#no-such-element-exception&#10;Build info: version: &apos;4.10.0&apos;, revision: &apos;c14d967899&apos;&#10;System info: os.name: &apos;Windows 11&apos;, os.arch: &apos;amd64&apos;, os.version: &apos;10.0&apos;, java.version: &apos;23.0.2&apos;&#10;Driver info: org.openqa.selenium.chrome.ChromeDriver&#10;Command: [163247de34e7f49c2299c61158aede5e, findElement {using=id, value=user-name}]&#10;Capabilities {acceptInsecureCerts: false, browserName: chrome, browserVersion: 134.0.6998.89, chrome: {chromedriverVersion: 134.0.6998.0 (42fa06ad95ae2..., userDataDir: C:\Users\diana\AppData\Loca...}, fedcm:accounts: true, goog:chromeOptions: {debuggerAddress: localhost:50281}, networkConnectionEnabled: false, pageLoadStrategy: normal, platformName: windows, proxy: Proxy(), se:cdp: ws://localhost:50281/devtoo..., se:cdpVersion: 134.0.6998.89, setWindowRect: true, strictFileInteractability: false, timeouts: {implicit: 0, pageLoad: 300000, script: 30000}, unhandledPromptBehavior: dismiss and notify, webauthn:extension:credBlob: true, webauthn:extension:largeBlob: true, webauthn:extension:minPinLength: true, webauthn:extension:prf: true, webauthn:virtualAuthenticators: true}&#10;Session ID: 163247de34e7f49c2299c61158aede5e" type="org.openqa.selenium.NoSuchElementException"><![CDATA[org.openqa.selenium.NoSuchElementException: 
no such element: Unable to locate element: {"method":"css selector","selector":"#user\-name"}
  (Session info: chrome=134.0.6998.89)
For documentation on this error, please visit: https://www.selenium.dev/documentation/webdriver/troubleshooting/errors#no-such-element-exception
Build info: version: '4.10.0', revision: 'c14d967899'
System info: os.name: 'Windows 11', os.arch: 'amd64', os.version: '10.0', java.version: '23.0.2'
Driver info: org.openqa.selenium.chrome.ChromeDriver
Command: [163247de34e7f49c2299c61158aede5e, findElement {using=id, value=user-name}]
Capabilities {acceptInsecureCerts: false, browserName: chrome, browserVersion: 134.0.6998.89, chrome: {chromedriverVersion: 134.0.6998.0 (42fa06ad95ae2..., userDataDir: C:\Users\diana\AppData\Loca...}, fedcm:accounts: true, goog:chromeOptions: {debuggerAddress: localhost:50281}, networkConnectionEnabled: false, pageLoadStrategy: normal, platformName: windows, proxy: Proxy(), se:cdp: ws://localhost:50281/devtoo..., se:cdpVersion: 134.0.6998.89, setWindowRect: true, strictFileInteractability: false, timeouts: {implicit: 0, pageLoad: 300000, script: 30000}, unhandledPromptBehavior: dismiss and notify, webauthn:extension:credBlob: true, webauthn:extension:largeBlob: true, webauthn:extension:minPinLength: true, webauthn:extension:prf: true, webauthn:virtualAuthenticators: true}
Session ID: 163247de34e7f49c2299c61158aede5e
	at demo.tests.DemoTest.testSuccessfulLogin(DemoTest.java:15)
]]></failure>
  </testcase>
  <testcase name="testUnsuccessfulLogin" classname="demo.tests.DemoTest" time="0.022">
    <failure message="no such element: Unable to locate element: {&quot;method&quot;:&quot;css selector&quot;,&quot;selector&quot;:&quot;#user\-name&quot;}&#10;  (Session info: chrome=134.0.6998.89)&#10;For documentation on this error, please visit: https://www.selenium.dev/documentation/webdriver/troubleshooting/errors#no-such-element-exception&#10;Build info: version: &apos;4.10.0&apos;, revision: &apos;c14d967899&apos;&#10;System info: os.name: &apos;Windows 11&apos;, os.arch: &apos;amd64&apos;, os.version: &apos;10.0&apos;, java.version: &apos;23.0.2&apos;&#10;Driver info: org.openqa.selenium.chrome.ChromeDriver&#10;Command: [163247de34e7f49c2299c61158aede5e, findElement {using=id, value=user-name}]&#10;Capabilities {acceptInsecureCerts: false, browserName: chrome, browserVersion: 134.0.6998.89, chrome: {chromedriverVersion: 134.0.6998.0 (42fa06ad95ae2..., userDataDir: C:\Users\diana\AppData\Loca...}, fedcm:accounts: true, goog:chromeOptions: {debuggerAddress: localhost:50281}, networkConnectionEnabled: false, pageLoadStrategy: normal, platformName: windows, proxy: Proxy(), se:cdp: ws://localhost:50281/devtoo..., se:cdpVersion: 134.0.6998.89, setWindowRect: true, strictFileInteractability: false, timeouts: {implicit: 0, pageLoad: 300000, script: 30000}, unhandledPromptBehavior: dismiss and notify, webauthn:extension:credBlob: true, webauthn:extension:largeBlob: true, webauthn:extension:minPinLength: true, webauthn:extension:prf: true, webauthn:virtualAuthenticators: true}&#10;Session ID: 163247de34e7f49c2299c61158aede5e" type="org.openqa.selenium.NoSuchElementException"><![CDATA[org.openqa.selenium.NoSuchElementException: 
no such element: Unable to locate element: {"method":"css selector","selector":"#user\-name"}
  (Session info: chrome=134.0.6998.89)
For documentation on this error, please visit: https://www.selenium.dev/documentation/webdriver/troubleshooting/errors#no-such-element-exception
Build info: version: '4.10.0', revision: 'c14d967899'
System info: os.name: 'Windows 11', os.arch: 'amd64', os.version: '10.0', java.version: '23.0.2'
Driver info: org.openqa.selenium.chrome.ChromeDriver
Command: [163247de34e7f49c2299c61158aede5e, findElement {using=id, value=user-name}]
Capabilities {acceptInsecureCerts: false, browserName: chrome, browserVersion: 134.0.6998.89, chrome: {chromedriverVersion: 134.0.6998.0 (42fa06ad95ae2..., userDataDir: C:\Users\diana\AppData\Loca...}, fedcm:accounts: true, goog:chromeOptions: {debuggerAddress: localhost:50281}, networkConnectionEnabled: false, pageLoadStrategy: normal, platformName: windows, proxy: Proxy(), se:cdp: ws://localhost:50281/devtoo..., se:cdpVersion: 134.0.6998.89, setWindowRect: true, strictFileInteractability: false, timeouts: {implicit: 0, pageLoad: 300000, script: 30000}, unhandledPromptBehavior: dismiss and notify, webauthn:extension:credBlob: true, webauthn:extension:largeBlob: true, webauthn:extension:minPinLength: true, webauthn:extension:prf: true, webauthn:virtualAuthenticators: true}
Session ID: 163247de34e7f49c2299c61158aede5e
	at demo.tests.DemoTest.testUnsuccessfulLogin(DemoTest.java:22)
]]></failure>
  </testcase>
</testsuite>